"../../../Engine/Content/EditorResources/S_Actor.uasset" 0
"../../../Engine/Content/EditorResources/S_Emitter.uasset" 1
"../../../Engine/Content/EngineFonts/Roboto.uasset" 2
"../../../Engine/Content/Functions/Engine_MaterialFunctions01/Shading/PowerToRoughness.uasset" 3
"../../../Engine/Content/EngineMaterials/DefaultDiffuse.uasset" 4
"../../../Engine/Content/EngineMaterials/DefaultDeferredDecalMaterial.uasset" 5
"../../../Engine/Content/EngineMaterials/DefaultLightFunctionMaterial.uasset" 6
"../../../Engine/Content/Functions/Engine_MaterialFunctions02/Utility/BreakOutFloat2Components.uasset" 7
"../../../Engine/Content/EngineMaterials/DefaultPostProcessMaterial.uasset" 8
"../../../Engine/Content/EngineResources/DefaultTexture.uasset" 9
"../../../Engine/Content/Functions/Engine_MaterialFunctions01/Texturing/ScaleUVsByCenter.uasset" 10
"../../../Engine/Content/Functions/Engine_MaterialFunctions02/ScreenResolution.uasset" 11
"../../../Engine/Content/Functions/Engine_MaterialFunctions02/Texturing/ScreenAlignedUVs.uasset" 12
"../../../Engine/Content/EngineResources/WhiteSquareTexture.uasset" 13
"../../../Engine/Content/EngineMaterials/Widget3DPassThrough.uasset" 14
"../../../Engine/Content/EngineMaterials/Widget3DPassThrough_Translucent.uasset" 15
"../../../Engine/Content/EngineMaterials/Widget3DPassThrough_Translucent_OneSided.uasset" 16
"../../../Engine/Content/EngineMaterials/Widget3DPassThrough_Opaque.uasset" 17
"../../../Engine/Content/EngineMaterials/Widget3DPassThrough_Opaque_OneSided.uasset" 18
"../../../Engine/Content/EngineMaterials/Widget3DPassThrough_Masked.uasset" 19
"../../../Engine/Content/EngineMaterials/Widget3DPassThrough_Masked_OneSided.uasset" 20
"../../../Engine/Content/EditorResources/S_LevelSequence.uasset" 21
"../../../Engine/Content/EditorResources/Bad.uasset" 22
"../../../Engine/Content/EditorMeshes/EditorCube.uasset" 23
"../../../Engine/Content/EditorMeshes/EditorSphere.uasset" 24
"../../../Engine/Content/EditorMeshes/EditorPlane.uasset" 25
"../../../Engine/Content/EditorMeshes/EditorCylinder.uasset" 26
"../../../Engine/Content/Maps/Templates/Thumbnails/Default.uasset" 27
"../../../Engine/Content/EditorMaterials/Thumbnails/SkySphereMaterial.uasset" 28
"../../../Engine/Content/EditorMeshes/EditorSkySphere.uasset" 29
"../../../Engine/Content/EngineMaterials/Grid.uasset" 30
"../../../Engine/Content/EditorMaterials/Thumbnails/FloorPlaneMaterial.uasset" 31
"../../../Engine/Content/MapTemplates/Sky/DaylightAmbientCubemap.uasset" 32
"../../../Engine/Content/EditorMaterials/ParticleSystems/PSysThumbnail_NoImage.uasset" 33
"../../../Engine/Content/EditorMaterials/ParticleSystems/PSysThumbnail_OOD.uasset" 34
"../../../Engine/Content/EditorResources/S_DecalActorIcon.uasset" 35
"../../../Engine/Content/EditorLandscapeResources/LandscapeGizmo_Mat.uasset" 36
"../../../Engine/Content/EditorLandscapeResources/LandscapeGizmo_Mat_Copied.uasset" 37
"../../../Engine/Content/EditorLandscapeResources/LandscapeGizmoHeight_Mat.uasset" 38
"../../../Engine/Content/EditorLandscapeResources/DataLayer.uasset" 39
"../../../Engine/Content/EditorResources/S_Terrain.uasset" 40
"../../../Engine/Content/EditorLandscapeResources/SplineEditorMeshMat.uasset" 41
"../../../Engine/Content/EditorLandscapeResources/SplineEditorMesh.uasset" 42
"../../../Engine/Content/EditorResources/MatineeCam_D.uasset" 43
"../../../Engine/Content/EditorMaterials/MatineeCam_mat.uasset" 44
"../../../Engine/Content/EditorMeshes/MatineeCam_SM.uasset" 45
"../../../Engine/Content/Functions/Engine_MaterialFunctions02/Utility/Sign.uasset" 46
"../../../Engine/Content/Functions/Engine_MaterialFunctions02/Utility/Round.uasset" 47
"../../../Engine/Content/Functions/Engine_MaterialFunctions02/ExampleContent/Textures/flipbook.uasset" 48
"../../../Engine/Content/Functions/Engine_MaterialFunctions02/Texturing/FlipBook.uasset" 49
"../../../Engine/Content/EditorResources/T_EditorHelp.uasset" 50
"../../../Engine/Content/EditorMaterials/HelpActorMaterial.uasset" 51
"../../../Engine/Content/EditorResources/S_ExpoHeightFog.uasset" 52
"../../../Engine/Content/EditorResources/S_NavP.uasset" 53
"../../../Engine/Content/EditorResources/S_Player.uasset" 54
"../../../Engine/Content/EditorResources/LightIcons/SkyLight.uasset" 55
"../../../Engine/Content/EditorResources/S_WindDirectional.uasset" 56
"../../../Engine/Content/EngineDamageTypes/DmgTypeBP_Environmental.uasset" 57
"../../../Engine/Content/EditorResources/LightIcons/S_LightDirectional.uasset" 58
"../../../Engine/Content/EditorResources/LightIcons/S_LightDirectionalMove.uasset" 59
"../../../Engine/Content/EditorResources/LightIcons/S_LightPoint.uasset" 60
"../../../Engine/Content/EditorResources/LightIcons/S_LightPointMove.uasset" 61
"../../../Engine/Content/EditorResources/LightIcons/S_LightSpot.uasset" 62
"../../../Engine/Content/EditorResources/LightIcons/S_LightSpotMove.uasset" 63
"../../../Engine/Content/EditorResources/S_PortalActorIcon2.uasset" 64
"../../../Engine/Content/EditorResources/MatInstActSprite.uasset" 65
"../../../Engine/Content/EditorResources/SceneManager.uasset" 66
"../../../Engine/Content/EditorResources/AI/S_NavLink.uasset" 67
"../../../Engine/Content/EditorResources/S_Note.uasset" 68
"../../../Engine/Content/EngineMeshes/Sphere.uasset" 69
"../../../Engine/Content/EditorResources/S_ReflActorIcon.uasset" 70
"../../../Engine/Content/EditorResources/S_Thruster.uasset" 71
"../../../Engine/Content/EditorResources/S_RadForce.uasset" 72
"../../../Engine/Content/EditorMaterials/TargetIcon.uasset" 73
"../../../Engine/Content/EngineFonts/RobotoDistanceField.uasset" 74
"../../../Engine/Content/EngineMaterials/DefaultTextMaterialOpaque.uasset" 75
"../../../Engine/Content/EditorResources/S_TextRenderActorIcon.uasset" 76
"../../../Engine/Content/EditorResources/S_Trigger.uasset" 77
"../../../Engine/Content/EditorResources/S_VectorFieldVol.uasset" 78
"../../../Engine/Content/EngineResources/GradientTexture0.uasset" 79
"../../../Engine/Content/EngineResources/Black.uasset" 80
"../../../Engine/Content/EditorMaterials/MatineeGroups/MAT_Groups_Float.uasset" 81
"../../../Engine/Content/EditorMaterials/MatineeGroups/MAT_Groups_Director.uasset" 82
"../../../Engine/Content/EditorMaterials/MatineeGroups/MAT_Groups_Event.uasset" 83
"../../../Engine/Content/EditorMaterials/MatineeGroups/MAT_Groups_Anim.uasset" 84
"../../../Engine/Content/EditorMaterials/MatineeGroups/MAT_Groups_Fade.uasset" 85
"../../../Engine/Content/EditorMaterials/MatineeGroups/MAT_Groups_Move.uasset" 86
"../../../Engine/Content/EditorMaterials/MatineeGroups/MAT_Groups_Slomo.uasset" 87
"../../../Engine/Content/EditorMaterials/MatineeGroups/MAT_ColorTrack.uasset" 88
"../../../Engine/Content/EditorMaterials/MAT_Groups_Toggle.uasset" 89
"../../../Engine/Content/EditorMaterials/MatineeGroups/MAT_Groups_AudioMaster.uasset" 90
"../../../Engine/Content/EditorMaterials/MatineeGroups/MAT_Groups_Sound.uasset" 91
"../../../Engine/Content/EditorMaterials/MatineeGroups/MAT_Groups_Vector.uasset" 92
"../../../Engine/Content/EditorMaterials/MAT_Groups_Visibility.uasset" 93
"../../../Engine/Content/EngineResources/DefaultTextureCube.uasset" 94
"../../../Engine/Content/Functions/Engine_MaterialFunctions01/Opacity/CameraDepthFade.uasset" 95
"../../../Engine/Content/EngineMaterials/T_Default_Material_Grid_M.uasset" 96
"../../../Engine/Content/EngineMaterials/T_Default_Material_Grid_N.uasset" 97
"../../../Engine/Content/EngineMaterials/DefaultMaterial.uasset" 98
"../../../Engine/Content/EngineMeshes/Cylinder.uasset" 99
"../../../Engine/Content/EngineTireTypes/DefaultTireType.uasset" 100
"../../../Engine/Content/EditorResources/S_FTest.uasset" 101
"../../../Engine/Plugins/2D/Paper2D/Content/PlaceholderTextures/DummySpriteTexture.uasset" 102
"../../../Engine/Plugins/2D/Paper2D/Content/DefaultSpriteMaterial.uasset" 103
"../../../Engine/Plugins/2D/Paper2D/Content/MaskedUnlitSpriteMaterial.uasset" 104
"../../../Engine/Plugins/2D/Paper2D/Content/OpaqueUnlitSpriteMaterial.uasset" 105
"../../../Engine/Plugins/2D/Paper2D/Content/DummySprite.uasset" 106
"../../../Engine/Plugins/2D/Paper2D/Content/DefaultPaperTerrainMaterial.uasset" 107
"../../../ZombieRipOff/Content/SideScrollerCPP/Blueprints/SideScrollerCharacter.uasset" 108
"../../../Engine/Content/EditorSounds/Notifications/CompileSuccess.uasset" 109
"../../../Engine/Content/EditorSounds/Notifications/CompileStart_Cue.uasset" 110
"../../../Engine/Content/EditorSounds/Notifications/CompileSuccess_Cue.uasset" 111
"../../../Engine/Content/EditorSounds/Notifications/CompileFailed.uasset" 112
"../../../Engine/Content/EditorSounds/Notifications/CompileFailed_Cue.uasset" 113
"../../../Engine/Content/BufferVisualization/BaseColor.uasset" 114
"../../../Engine/Content/BufferVisualization/CustomDepth.uasset" 115
"../../../Engine/Content/Functions/Engine_MaterialFunctions02/Utility/MakeFloat2.uasset" 116
"../../../Engine/Content/Functions/Engine_MaterialFunctions02/Utility/MakeFloat3.uasset" 117
"../../../Engine/Content/EngineMaterials/MiniFont.uasset" 118
"../../../Engine/Content/BufferVisualization/CustomStencil.uasset" 119
"../../../Engine/Content/BufferVisualization/FinalImage.uasset" 120
"../../../Engine/Content/BufferVisualization/LightingModel.uasset" 121
"../../../Engine/Content/BufferVisualization/MaterialAO.uasset" 122
"../../../Engine/Content/BufferVisualization/Metallic.uasset" 123
"../../../Engine/Content/BufferVisualization/Opacity.uasset" 124
"../../../Engine/Content/BufferVisualization/Roughness.uasset" 125
"../../../Engine/Content/BufferVisualization/SceneColor.uasset" 126
"../../../Engine/Content/BufferVisualization/SceneDepth.uasset" 127
"../../../Engine/Content/BufferVisualization/SeparateTranslucencyRGB.uasset" 128
"../../../Engine/Content/BufferVisualization/SeparateTranslucencyA.uasset" 129
"../../../Engine/Content/BufferVisualization/Specular.uasset" 130
"../../../Engine/Content/BufferVisualization/SubsurfaceColor.uasset" 131
"../../../Engine/Content/BufferVisualization/WorldNormal.uasset" 132
"../../../Engine/Content/EngineMaterials/DefaultPhysicalMaterial.uasset" 133
"../../../Engine/Content/BufferVisualization/AmbientOcclusion.uasset" 134
"../../../Engine/Content/Functions/Engine_MaterialFunctions02/Utility/VectorLength.uasset" 135
"../../../Engine/Content/BufferVisualization/CustomDepthWorldUnits.uasset" 136
"../../../Engine/Content/BufferVisualization/SceneDepthWorldUnits.uasset" 137
"../../../Engine/Content/BufferVisualization/HDRColor.uasset" 138
"../../../Engine/Content/EngineMaterials/HighResolutionScreenshotMaskFunction.uasset" 139
"../../../Engine/Content/EngineMaterials/HighResScreenshot.uasset" 140
"../../../Engine/Content/EngineMaterials/HighResScreenshotMask.uasset" 141
"../../../Engine/Content/EngineMaterials/HighResScreenshotCaptureRegion.uasset" 142
"../../../Engine/Content/EngineDebugMaterials/WireframeMaterial.uasset" 143
"../../../Engine/Content/Functions/Engine_MaterialFunctions01/Shading/ConvertFromDiffSpec.uasset" 144
"../../../Engine/Content/EngineDebugMaterials/LevelColorationLitMaterial.uasset" 145
"../../../Engine/Content/EngineDebugMaterials/LevelColorationUnlitMaterial.uasset" 146
"../../../Engine/Content/EngineMaterials/DefaultWhiteGrid.uasset" 147
"../../../Engine/Content/EngineDebugMaterials/MAT_LevelColorationLitLightmapUV.uasset" 148
"../../../Engine/Content/EngineDebugMaterials/ShadedLevelColorationLitMaterial.uasset" 149
"../../../Engine/Content/EngineDebugMaterials/ShadedLevelColorationUnlitMateri.uasset" 150
"../../../Engine/Content/EngineDebugMaterials/VertexColorMaterial.uasset" 151
"../../../Engine/Content/EngineDebugMaterials/VertexColorViewMode_ColorOnly.uasset" 152
"../../../Engine/Content/EngineDebugMaterials/VertexColorViewMode_AlphaAsColor.uasset" 153
"../../../Engine/Content/EngineDebugMaterials/VertexColorViewMode_RedOnly.uasset" 154
"../../../Engine/Content/EngineDebugMaterials/VertexColorViewMode_GreenOnly.uasset" 155
"../../../Engine/Content/EngineDebugMaterials/VertexColorViewMode_BlueOnly.uasset" 156
"../../../Engine/Content/EngineMaterials/RemoveSurfaceMaterial.uasset" 157
"../../../Engine/Content/EngineDebugMaterials/DebugMeshMaterial.uasset" 158
"../../../Engine/Content/EngineMaterials/InvalidLightmapSettings.uasset" 159
"../../../Engine/Content/EngineMaterials/M_InvalidLightmapSettings.uasset" 160
"../../../Engine/Content/EditorMaterials/GizmoMaterial.uasset" 161
"../../../Engine/Content/EngineDebugMaterials/GeomMaterial.uasset" 162
"../../../Engine/Content/EngineMaterials/EditorBrushMaterial.uasset" 163
"../../../Engine/Content/EngineDebugMaterials/HeatmapGradient.uasset" 164
"../../../Engine/Content/EngineDebugMaterials/BoneWeightMaterial.uasset" 165
"../../../Engine/Content/EditorMaterials/PreviewShadowIndicator.uasset" 166
"../../../Engine/Content/EditorMaterials/PreviewShadowIndicatorMaterial.uasset" 167
"../../../Engine/Content/EditorMaterials/PhAT_JointLimitMaterial.uasset" 168
"../../../Engine/Content/EditorResources/BSPVertex.uasset" 169
"../../../Engine/Content/EngineMaterials/Good64x64TilingNoiseHighFreq.uasset" 170
"../../../Engine/Content/EngineMaterials/DefaultBokeh.uasset" 171
"../../../Engine/Content/EngineMaterials/PreintegratedSkinBRDF.uasset" 172
"../../../Engine/Content/EngineMaterials/WeightMapPlaceholderTexture.uasset" 173
"../../../Engine/Content/EngineFonts/RobotoTiny.uasset" 174
"../../../Engine/Content/EngineResources/AICON-Red.uasset" 175
"../../../Engine/Content/EngineResources/AICON-Green.uasset" 176
"../../../Engine/Content/Tutorial/Basics/TutorialAssets/icon_tab_Levels_40x.uasset" 177
"../../../Engine/Content/Tutorial/Mobile/TutorialAssets/android_Icon.uasset" 178
"../../../Engine/Content/Tutorial/ContentIntroCurve.uasset" 179
"../../../Engine/Content/EditorMaterials/Cross.uasset" 180
"../../../Engine/Content/EditorMaterials/Cross_Mat.uasset" 181
"../../../Engine/Content/EditorMaterials/PhAT_BoneSelectedMaterial.uasset" 182
"../../../Engine/Content/EditorMaterials/PhAT_ElemSelectedMaterial.uasset" 183
"../../../Engine/Content/EditorMaterials/PhAT_NoCollisionMaterial.uasset" 184
"../../../Engine/Content/EditorMaterials/PhAT_UnselectedMaterial.uasset" 185
"../../../Engine/Content/EditorMaterials/Tick.uasset" 186
"../../../Engine/Content/EditorMaterials/Tick_Mat.uasset" 187
"../../../Engine/Content/EditorMaterials/WidgetGridVertexColorMaterial.uasset" 188
"../../../Engine/Content/EditorMaterials/WidgetGridVertexColorMaterial_Ma.uasset" 189
"../../../Engine/Content/EditorMaterials/WidgetMaterial.uasset" 190
"../../../Engine/Content/EditorMaterials/WidgetMaterial_Current.uasset" 191
"../../../Engine/Content/EditorMaterials/WidgetMaterial_X.uasset" 192
"../../../Engine/Content/EditorMaterials/WidgetMaterial_Y.uasset" 193
"../../../Engine/Content/EditorMaterials/WidgetMaterial_Z.uasset" 194
"../../../Engine/Content/EditorMaterials/WidgetVertexColorMaterial.uasset" 195
"../../../Engine/Content/EditorMaterials/CompositeARGBLayer.uasset" 196
"../../../Engine/Content/EditorMaterials/TilingAALineIntegral.uasset" 197
"../../../Engine/Content/EditorMaterials/TilingAALineBoxFiltered.uasset" 198
"../../../Engine/Content/Functions/Engine_MaterialFunctions03/Procedurals/ComputeFilterWidth.uasset" 199
"../../../Engine/Content/EditorMaterials/TilingAADots.uasset" 200
"../../../Engine/Content/EditorMaterials/Cascade/CASC_Cross.uasset" 201
"../../../Engine/Content/EditorMaterials/Cascade/CASC_None.uasset" 202
"../../../Engine/Content/Functions/Engine_MaterialFunctions03/Blends/Blend_Screen.uasset" 203
"../../../Engine/Content/EditorMaterials/TilingAAGrid.uasset" 204
"../../../Engine/Content/EditorMaterials/LevelGridMaterial.uasset" 205
"../../../Engine/Content/EditorResources/SmallFont.uasset" 206
"../../../Engine/Content/EditorResources/S_KBSJoint.uasset" 207
"../../../Engine/Content/EditorResources/S_KHinge.uasset" 208
"../../../Engine/Content/EditorResources/S_KPrismatic.uasset" 209
"../../../Engine/Content/EditorResources/LightIcons/S_LightError.uasset" 210
"../../../Engine/Content/EditorResources/Spline/T_Loft_Spline.uasset" 211
"../../../Engine/Content/EngineMaterials/BlinkingCaret.uasset" 212
"../../../Engine/Content/EngineMaterials/DefaultNormal.uasset" 213
"../../../Engine/Content/EngineMaterials/Grid_N.uasset" 214
"../../../Engine/Content/EngineMaterials/LandscapeHolePhysicalMaterial.uasset" 215
"../../../Engine/Content/EngineMaterials/PaperDiffuse.uasset" 216
"../../../Engine/Content/EngineMaterials/PaperNormal.uasset" 217
"../../../Engine/Content/EngineMaterials/PhysMat_Rubber.uasset" 218
"../../../Engine/Content/EngineFonts/SmallFont.uasset" 219
"../../../Engine/Content/EngineFonts/TinyFont.uasset" 220
"../../../Engine/Content/EngineResources/StreamingPauseIcon.uasset" 221
"../../../Engine/Content/EngineResources/M_StreamingPause.uasset" 222
"../../../Engine/Content/EditorLandscapeResources/DefaultAlphaTexture.uasset" 223
"../../../Engine/Content/EngineMaterials/WorldGridMaterial.uasset" 224
"../../../Engine/Content/BasicShapes/Cube.uasset" 225
"../../../Engine/Content/BasicShapes/Sphere.uasset" 226
"../../../Engine/Content/BasicShapes/Cylinder.uasset" 227
"../../../Engine/Content/BasicShapes/Cone.uasset" 228
"../../../Engine/Content/MobileResources/T_MobileMenu2.uasset" 229
"../../../Engine/Content/MobileResources/HUD/MobileHUDDirectionPad3.uasset" 230
"../../../Engine/Content/MobileResources/HUD/MobileHUDButton3.uasset" 231
"../../../Engine/Content/MobileResources/HUD/MobileHUDButton1_off.uasset" 232
"../../../Engine/Content/MobileResources/T_MobileControls_texture.uasset" 233
"../../../Engine/Content/MobileResources/HUD/MobileHUDButtonFire.uasset" 234
"../../../Engine/Content/MobileResources/HUD/MobileHUDDirectionPad2.uasset" 235
"../../../Engine/Content/MobileResources/HUD/T_Castle_ThumbstickInner.uasset" 236
"../../../Engine/Content/MobileResources/HUD/MobileHUDButton2_off.uasset" 237
"../../../Engine/Content/EditorResources/SimplygonLogo.uasset" 238
"../../../Engine/Content/EditorBlueprintResources/StandardMacros.uasset" 239
"../../../ZombieRipOff/Content/Assets/Items/ItemCategory.uasset" 240
"../../../ZombieRipOff/Content/Assets/Items/BaseItem.uasset" 241
"../../../ZombieRipOff/Content/Assets/Items/IInventoryItem.uasset" 242
"../../../ZombieRipOff/Content/Assets/Bp/UI/Inventory/ItemDisplayName.uasset" 243
"../../../ZombieRipOff/Content/Assets/Items/ItemWorldActor.uasset" 244
"../../../ZombieRipOff/Content/Assets/Items/InventoryItem.uasset" 245
"../../../ZombieRipOff/Content/Assets/Items/Inventory.uasset" 246
"../../../Engine/Content/EngineMeshes/Humanoid.uasset" 247
"../../../ZombieRipOff/Content/Assets/Characters/Megaman/Mesh/MegamanSkeleton.uasset" 248
"../../../ZombieRipOff/Content/Assets/Characters/Megaman/Animations/AimPoses/A-AimIdle-Left.uasset" 249
"../../../ZombieRipOff/Content/Assets/Characters/Megaman/Animations/AimPoses/A-AimCenter.uasset" 250
"../../../ZombieRipOff/Content/Assets/Characters/Megaman/Animations/AimPoses/A-AimCenterBottom.uasset" 251
"../../../ZombieRipOff/Content/Assets/Characters/Megaman/Animations/AimPoses/A-AimCenterTop.uasset" 252
"../../../ZombieRipOff/Content/Assets/Characters/Megaman/Animations/AimPoses/A-AimLeft.uasset" 253
"../../../ZombieRipOff/Content/Assets/Characters/Megaman/Animations/AimPoses/A-AimLeftBottom.uasset" 254
"../../../ZombieRipOff/Content/Assets/Characters/Megaman/Animations/AimPoses/A-AimLeftTop.uasset" 255
"../../../ZombieRipOff/Content/Assets/Characters/Megaman/Animations/AimPoses/A-AimRight.uasset" 256
"../../../ZombieRipOff/Content/Assets/Characters/Megaman/Animations/AimPoses/A-AimRightBottom.uasset" 257
"../../../ZombieRipOff/Content/Assets/Characters/Megaman/Animations/AimPoses/A-AimRightTop.uasset" 258
"../../../ZombieRipOff/Content/Assets/Characters/Megaman/BP/AimOffset.uasset" 259
"../../../ZombieRipOff/Content/Assets/Characters/Megaman/Animations/AimPoses-Left/AimIdle-Left.uasset" 260
"../../../ZombieRipOff/Content/Assets/Characters/Megaman/BP/Megaman-Aim-Idle_Montage.uasset" 261
"../../../ZombieRipOff/Content/Assets/Characters/Megaman/Animations/A-Dash.uasset" 262
"../../../ZombieRipOff/Content/Assets/Characters/Megaman/Animations/A-DashInPlace.uasset" 263
"../../../ZombieRipOff/Content/Assets/Characters/Megaman/Animations/A-DashInPlace1.uasset" 264
"../../../ZombieRipOff/Content/Assets/Characters/Megaman/Animations/A-DashInPlace2.uasset" 265
"../../../ZombieRipOff/Content/Assets/Characters/Megaman/Animations/A-JumpEnd.uasset" 266
"../../../ZombieRipOff/Content/Assets/Characters/Megaman/Animations/A-JumpLoop.uasset" 267
"../../../ZombieRipOff/Content/Assets/Characters/Megaman/Animations/A-JumpStartInPlace1.uasset" 268
"../../../ZombieRipOff/Content/Assets/Characters/Megaman/Animations/A-TurnInPlaceLeft.uasset" 269
"../../../ZombieRipOff/Content/Assets/Characters/Megaman/Animations/A-TurnInPlaceRight.uasset" 270
"../../../ZombieRipOff/Content/Assets/Characters/Megaman/Animations/A-BattlePose.uasset" 271
"../../../ZombieRipOff/Content/Assets/Audio/footstep.uasset" 272
"../../../ZombieRipOff/Content/Assets/Characters/Megaman/Animations/A-RunAction.uasset" 273
"../../../ZombieRipOff/Content/Assets/Characters/Megaman/Animations/A-SprintAction.uasset" 274
"../../../ZombieRipOff/Content/Assets/Characters/Megaman/Animations/A-WalkAction.uasset" 275
"../../../ZombieRipOff/Content/Assets/Characters/Megaman/BP/StateMachine.uasset" 276
"../../../ZombieRipOff/Content/Assets/Bp/iDamageable.uasset" 277
"../../../ZombieRipOff/Content/Assets/Items/Weapons/ENUM_AmmoType.uasset" 278
"../../../ZombieRipOff/Content/Assets/Items/Weapons/ProjectileStruct.uasset" 279
"../../../ZombieRipOff/Content/Assets/Bp/PhysicsMaterials/PM_Metal.uasset" 280
"../../../ZombieRipOff/Content/Assets/Items/Weapons/Projectiles/BP-BaseProjectile.uasset" 281
"../../../ZombieRipOff/Content/Assets/Items/Weapons/BP-BaseWeapon.uasset" 282
"../../../ZombieRipOff/Content/Assets/Bp/PhysicsMaterials/PM_Energy.uasset" 283
"../../../ZombieRipOff/Content/Assets/Characters/Megaman/Mesh/Shots/Temp-shot.uasset" 284
"../../../ZombieRipOff/Content/Assets/Items/Weapons/Projectiles/WeakShot_Proj.uasset" 285
"../../../ZombieRipOff/Content/Assets/Items/Weapons/BusterArm/BP-BusterArm.uasset" 286
"../../../ZombieRipOff/Content/Assets/Characters/Megaman/Textures/Body_Base_Color.uasset" 287
"../../../ZombieRipOff/Content/Assets/Characters/Megaman/Materials/Body.uasset" 288
"../../../ZombieRipOff/Content/Assets/Characters/Megaman/Textures/Face_Base_Color.uasset" 289
"../../../ZombieRipOff/Content/Assets/Characters/Megaman/Materials/Face.uasset" 290
"../../../ZombieRipOff/Content/Assets/Characters/Megaman/Mesh/MainBody.uasset" 291
"../../../ZombieRipOff/Content/Assets/Characters/Megaman/Textures/Shoes_Base_Color.uasset" 292
"../../../ZombieRipOff/Content/Assets/Characters/Megaman/Materials/Shoes.uasset" 293
"../../../ZombieRipOff/Content/Assets/Characters/Megaman/Materials/Instances/Shoes_Inst.uasset" 294
"../../../ZombieRipOff/Content/Assets/Characters/Megaman/Mesh/TriggerBodyParts/Shoe_L.uasset" 295
"../../../ZombieRipOff/Content/Assets/Characters/Megaman/Mesh/TriggerBodyParts/Shoe_R.uasset" 296
"../../../ZombieRipOff/Content/Assets/Characters/Megaman/Textures/ZArm_Base_Color.uasset" 297
"../../../ZombieRipOff/Content/Assets/Characters/Megaman/Materials/ZArm.uasset" 298
"../../../ZombieRipOff/Content/Assets/Characters/Megaman/Materials/Instances/ZArm_Inst.uasset" 299
"../../../ZombieRipOff/Content/Assets/Characters/Megaman/Mesh/ZeroBodyParts/ZArm-R.uasset" 300
"../../../ZombieRipOff/Content/Assets/Characters/Megaman/Mesh/ZeroBodyParts/ZArmSharp-L.uasset" 301
"../../../ZombieRipOff/Content/Assets/Characters/Megaman/Textures/ZBodyArmor_Base_Color.uasset" 302
"../../../ZombieRipOff/Content/Assets/Characters/Megaman/Materials/ZBodyArmor.uasset" 303
"../../../ZombieRipOff/Content/Assets/Characters/Megaman/Materials/Instances/ZBodyArmor_Inst.uasset" 304
"../../../ZombieRipOff/Content/Assets/Characters/Megaman/Mesh/ZeroBodyParts/ZBodyArmor.uasset" 305
"../../../ZombieRipOff/Content/Assets/Characters/Megaman/Textures/ZHand_Base_Color.uasset" 306
"../../../ZombieRipOff/Content/Assets/Characters/Megaman/Materials/ZHand.uasset" 307
"../../../ZombieRipOff/Content/Assets/Characters/Megaman/Materials/Instances/ZHand_Inst.uasset" 308
"../../../ZombieRipOff/Content/Assets/Characters/Megaman/Mesh/ZeroBodyParts/ZHandSharp-L.uasset" 309
"../../../ZombieRipOff/Content/Assets/Characters/Megaman/Mesh/ZeroBodyParts/ZHandSharp-R.uasset" 310
"../../../ZombieRipOff/Content/Assets/Characters/Megaman/Textures/ZHelmet_NOR.uasset" 311
"../../../ZombieRipOff/Content/Assets/Characters/Megaman/Textures/ZHelmetShade_AO.uasset" 312
"../../../ZombieRipOff/Content/Assets/Characters/Megaman/Textures/ZHelmetShade_Base__Color.uasset" 313
"../../../ZombieRipOff/Content/Assets/Characters/Megaman/Materials/M-ZHelmetShade.uasset" 314
"../../../ZombieRipOff/Content/Assets/Characters/Megaman/Materials/Instances/M-ZHelmetShade_Inst.uasset" 315
"../../../ZombieRipOff/Content/Assets/Characters/Megaman/Mesh/ZeroBodyParts/ZHelmetShade.uasset" 316
"../../../ZombieRipOff/Content/Assets/Characters/Megaman/Textures/ZHip_AO.uasset" 317
"../../../ZombieRipOff/Content/Assets/Characters/Megaman/Textures/ZHip_New_Base_Color.uasset" 318
"../../../ZombieRipOff/Content/Assets/Characters/Megaman/Textures/ZHip_NOR.uasset" 319
"../../../ZombieRipOff/Content/Assets/Characters/Megaman/Materials/ZHip-White.uasset" 320
"../../../ZombieRipOff/Content/Assets/Characters/Megaman/Materials/Instances/ZHip-White_Inst.uasset" 321
"../../../ZombieRipOff/Content/Assets/Characters/Megaman/Mesh/ZeroBodyParts/ZHip.uasset" 322
"../../../ZombieRipOff/Content/Assets/Characters/Megaman/Textures/ZShin_Base_Color.uasset" 323
"../../../ZombieRipOff/Content/Assets/Characters/Megaman/Materials/ZShin.uasset" 324
"../../../ZombieRipOff/Content/Assets/Characters/Megaman/Materials/Instances/ZShin_Inst.uasset" 325
"../../../ZombieRipOff/Content/Assets/Characters/Megaman/Mesh/ZeroBodyParts/ZShinSharp-L.uasset" 326
"../../../ZombieRipOff/Content/Assets/Characters/Megaman/Mesh/ZeroBodyParts/ZShinSharp-R.uasset" 327
"../../../ZombieRipOff/Content/Assets/Characters/Megaman/Textures/ZShoulder_Base_Color.uasset" 328
"../../../ZombieRipOff/Content/Assets/Characters/Megaman/Materials/ZShoulder.uasset" 329
"../../../ZombieRipOff/Content/Assets/Characters/Megaman/Mesh/ZeroBodyParts/ZShoulder-L.uasset" 330
"../../../ZombieRipOff/Content/Assets/Characters/Megaman/Mesh/ZeroBodyParts/ZShoulder-R.uasset" 331
"../../../ZombieRipOff/Content/Assets/Characters/Megaman/Textures/ZThigh_Base_Color.uasset" 332
"../../../ZombieRipOff/Content/Assets/Characters/Megaman/Materials/ZThigh.uasset" 333
"../../../ZombieRipOff/Content/Assets/Characters/Megaman/Materials/Instances/ZThigh_Inst.uasset" 334
"../../../ZombieRipOff/Content/Assets/Characters/Megaman/Mesh/ZeroBodyParts/ZThighSharp-L.uasset" 335
"../../../ZombieRipOff/Content/Assets/Characters/Megaman/Mesh/ZeroBodyParts/ZThighSharp-R.uasset" 336
"../../../ZombieRipOff/Content/Assets/Characters/Megaman/BP/BP-Megaman.uasset" 337
"../../../ZombieRipOff/Content/Assets/Characters/Megaman/BP/MegamanAnimation.uasset" 338
"../../../ZombieRipOff/Content/Assets/Characters/Megaman/Textures/Arms_Base_Color.uasset" 339
"../../../ZombieRipOff/Content/Assets/Characters/Megaman/Materials/Arms.uasset" 340
"../../../ZombieRipOff/Content/Assets/Characters/Megaman/Materials/Instances/Arms_Inst.uasset" 341
"../../../ZombieRipOff/Content/Assets/Characters/Megaman/Textures/BusterArm_Base_Color.uasset" 342
"../../../ZombieRipOff/Content/Assets/Characters/Megaman/Materials/BusterArm.uasset" 343
"../../../ZombieRipOff/Content/Assets/Characters/Megaman/Materials/Instances/BusterArm_Inst.uasset" 344
"../../../ZombieRipOff/Content/Assets/Characters/Megaman/Textures/Hair_Base_Color.uasset" 345
"../../../ZombieRipOff/Content/Assets/Characters/Megaman/Materials/Hair.uasset" 346
"../../../ZombieRipOff/Content/Assets/Characters/Megaman/Materials/Instances/Hair_Inst.uasset" 347
"../../../ZombieRipOff/Content/Assets/Bp/UI/Inventory/ActionInstruction.uasset" 348
"../../../ZombieRipOff/Content/Assets/Characters/Megaman/Mesh/TriggerBodyParts/Arm_L.uasset" 349
"../../../ZombieRipOff/Content/Assets/Characters/Megaman/Mesh/TriggerBodyParts/Arm_R.uasset" 350
"../../../ZombieRipOff/Content/Assets/Characters/Megaman/Mesh/TriggerBodyParts/BusterArm_L.uasset" 351
"../../../ZombieRipOff/Content/Assets/Characters/Megaman/Mesh/TriggerBodyParts/BusterArm_R.uasset" 352
"../../../ZombieRipOff/Content/Assets/Characters/Megaman/Textures/Full_Hair_Base_Color2.uasset" 353
"../../../ZombieRipOff/Content/Assets/Characters/Megaman/Materials/FullHair.uasset" 354
"../../../ZombieRipOff/Content/Assets/Characters/Megaman/Materials/Instances/Full_Hair_Base_Color_Inst.uasset" 355
"../../../ZombieRipOff/Content/Assets/Characters/Megaman/Mesh/TriggerBodyParts/Full_Hair.uasset" 356
"../../../ZombieRipOff/Content/Assets/Characters/Megaman/Materials/Instances/Body_Hand_Instance.uasset" 357
"../../../ZombieRipOff/Content/Assets/Characters/Megaman/Textures/Hand_Base_Color.uasset" 358
"../../../ZombieRipOff/Content/Assets/Characters/Megaman/Materials/Hand.uasset" 359
"../../../ZombieRipOff/Content/Assets/Characters/Megaman/Materials/Instances/Hand_Inst.uasset" 360
"../../../ZombieRipOff/Content/Assets/Characters/Megaman/Mesh/TriggerBodyParts/Hand_L.uasset" 361
"../../../ZombieRipOff/Content/Assets/Characters/Megaman/Mesh/TriggerBodyParts/Hand_R.uasset" 362
"../../../ZombieRipOff/Content/Assets/Characters/Megaman/Textures/Helmet_Base_Color_001.uasset" 363
"../../../ZombieRipOff/Content/Assets/Characters/Megaman/Materials/Helmet.uasset" 364
"../../../ZombieRipOff/Content/Assets/Characters/Megaman/Materials/Instances/Helmet_Inst.uasset" 365
"../../../ZombieRipOff/Content/Assets/Characters/Megaman/Mesh/TriggerBodyParts/Helmet.uasset" 366
"../../../ZombieRipOff/Content/Assets/Characters/BP-BaseCharacter.uasset" 367
"../../../ZombieRipOff/Content/Assets/Items/ArmorType.uasset" 368
"../../../ZombieRipOff/Content/Assets/Items/Armors/Item_Armor.uasset" 369
"../../../ZombieRipOff/Content/Assets/Bp/UI/CrossHair.uasset" 370
"../../../ZombieRipOff/Content/Assets/Bp/UI/Equipment/EquipmentUMG.uasset" 371
"../../../ZombieRipOff/Content/Assets/Items/Weapons/WeaponType.uasset" 372
"../../../ZombieRipOff/Content/Assets/Items/Weapons/Item_Weapon.uasset" 373
"../../../ZombieRipOff/Content/Assets/Bp/UI/Inventory/InventorySlot.uasset" 374
"../../../ZombieRipOff/Content/Assets/Bp/UI/Inventory/InventoryUMG.uasset" 375
"../../../ZombieRipOff/Content/Assets/Bp/MyPlayerController.uasset" 376
"../../../ZombieRipOff/Content/Assets/Bp/GameModes/BP-BaseGameMode.uasset" 377
"../../../ZombieRipOff/Content/Assets/Bp/MyGameInstance.uasset" 378
"../../../Engine/Content/MobileResources/HUD/AnalogHat.uasset" 379
"../../../Engine/Content/MobileResources/HUD/VirtualJoystick_Background.uasset" 380
"../../../Engine/Content/MobileResources/HUD/VirtualJoystick_Thumb.uasset" 381
"../../../Engine/Content/MobileResources/HUD/DefaultVirtualJoysticks.uasset" 382
"../../../Engine/Content/MobileResources/HUD/LeftVirtualJoystickOnly.uasset" 383
"../../../Engine/Content/EditorResources/EmptyActor.uasset" 384
"../../../Engine/Content/MobileResources/HUD/MobileHUDButton1_on.uasset" 385
"../../../Engine/Content/MobileResources/HUD/MobileHUDButton2_on.uasset" 386
"../../../Engine/Content/MobileResources/HUD/MobileHUDDirectionPad.uasset" 387
"../../../Engine/Content/MobileResources/HUD/MobileHUDDirectionStick.uasset" 388
"../../../Engine/Content/MobileResources/HUD/T_Castle_ThumbstickOutter.uasset" 389
"../../../Engine/Content/EditorMaterials/MakeCompositeARGBLayer.uasset" 390
"../../../Engine/Content/EditorResources/LevelGrid1DStripes.uasset" 391
"../../../Engine/Content/EditorMaterials/TextureGridCascaded1D.uasset" 392
"../../../Engine/Content/EditorMaterials/TextureGridCascaded2D.uasset" 393
"../../../Engine/Content/EditorMaterials/LevelGridMaterial2.uasset" 394
"../../../Engine/Content/ArtTools/RenderToTexture/Enums/RenderToTexture_Enum.uasset" 395
"../../../Engine/Content/ArtTools/RenderToTexture/Enums/RenderToTexture_Flipbook_Enum.uasset" 396
"../../../Engine/Content/ArtTools/RenderToTexture/Enums/RenderToTexture_Imposter_Enum.uasset" 397
"../../../Engine/Content/ArtTools/RenderToTexture/Enums/EIntTypes.uasset" 398
"../../../Engine/Content/ArtTools/RenderToTexture/Macros/RenderToTextureFunctionLibrary.uasset" 399
"../../../Engine/Content/ArtTools/RenderToTexture/Enums/EFloatTypes.uasset" 400
"../../../Engine/Content/ArtTools/RenderToTexture/Macros/RenderToTextureMacros.uasset" 401
"../../../Engine/Content/EditorBlueprintResources/ActorMacros.uasset" 402
"../../../Engine/Content/Tutorial/BlueprintTutorials/TutorialAssets/Blueprint_64x.uasset" 403
"../../../Engine/Content/EngineSky/C_Sky_Cloud_Color.uasset" 404
"../../../Engine/Content/EngineSky/C_Sky_Horizon_Color.uasset" 405
"../../../Engine/Content/EngineSky/C_Sky_Zenith_Color.uasset" 406
"../../../Engine/Content/EngineSky/T_Sky_Blue.uasset" 407
"../../../Engine/Content/EngineSky/T_Sky_Clouds_M.uasset" 408
"../../../Engine/Content/EngineSky/T_Sky_Stars.uasset" 409
"../../../Engine/Content/EngineSky/M_Sky_Panning_Clouds2.uasset" 410
"../../../Engine/Content/EngineSky/SM_SkySphere.uasset" 411
"../../../Engine/Content/EngineSky/BP_Sky_Sphere.uasset" 412
"../../../ZombieRipOff/Content/Assets/Bp/DamageText.uasset" 413
"../../../ZombieRipOff/Content/Assets/Characters/BodyPartDamageModifier.uasset" 414
"../../../ZombieRipOff/Content/Assets/Bp/UI/EnemyHealth.uasset" 415
"../../../ZombieRipOff/Content/Assets/Characters/BP-BaseEnemy.uasset" 416
"../../../ZombieRipOff/Content/Assets/Bp/PhysicsMaterials/PM_Flesh.uasset" 417
"../../../ZombieRipOff/Content/Assets/Bp/PhysicsMaterials/PM_Flesh_Body.uasset" 418
"../../../ZombieRipOff/Content/Assets/Bp/PhysicsMaterials/PM_Flesh_Head.uasset" 419
"../../../ZombieRipOff/Content/Assets/Bp/PhysicsMaterials/PM_Flesh_LeftArm.uasset" 420
"../../../ZombieRipOff/Content/Assets/Bp/PhysicsMaterials/PM_Flesh_LeftFoot.uasset" 421
"../../../ZombieRipOff/Content/Assets/Bp/PhysicsMaterials/PM_Flesh_LeftForearm.uasset" 422
"../../../ZombieRipOff/Content/Assets/Bp/PhysicsMaterials/PM_Flesh_LeftHand.uasset" 423
"../../../ZombieRipOff/Content/Assets/Bp/PhysicsMaterials/PM_Flesh_LeftLeg.uasset" 424
"../../../ZombieRipOff/Content/Assets/Bp/PhysicsMaterials/PM_Flesh_LeftUpLeg.uasset" 425
"../../../ZombieRipOff/Content/Assets/Bp/PhysicsMaterials/PM_Flesh_RightArm.uasset" 426
"../../../ZombieRipOff/Content/Assets/Bp/PhysicsMaterials/PM_Flesh_RightFoot.uasset" 427
"../../../ZombieRipOff/Content/Assets/Bp/PhysicsMaterials/PM_Flesh_RightForearm.uasset" 428
"../../../ZombieRipOff/Content/Assets/Bp/PhysicsMaterials/PM_Flesh_RightHand.uasset" 429
"../../../ZombieRipOff/Content/Assets/Bp/PhysicsMaterials/PM_Flesh_RightLeg.uasset" 430
"../../../ZombieRipOff/Content/Assets/Bp/PhysicsMaterials/PM_Flesh_RightUpLeg.uasset" 431
"../../../ZombieRipOff/Content/Assets/Characters/Zombies/Mesh/Zombie1_Physics4.uasset" 432
"../../../ZombieRipOff/Content/Assets/Characters/Zombies/Mesh/Zombie1_Skeleton.uasset" 433
"../../../ZombieRipOff/Content/Assets/Characters/Zombies/Mesh/Zombie1.uasset" 434
"../../../ZombieRipOff/Content/Assets/Characters/Zombies/Bp-Zombie.uasset" 435
"../../../ZombieRipOff/Content/Assets/Bp/EnemySpawnArea.uasset" 436
"../../../ZombieRipOff/Content/Geometry/Bench.uasset" 437
"../../../ZombieRipOff/Content/Geometry/Founatin.uasset" 438
"../../../ZombieRipOff/Content/Geometry/Lamps/Lamp.uasset" 439
"../../../ZombieRipOff/Content/Geometry/LevelAreas/SmallAreaLevel_Base_Color.uasset" 440
"../../../ZombieRipOff/Content/Geometry/LevelAreas/SmallAreaLevel_Base_Color_Mat.uasset" 441
"../../../ZombieRipOff/Content/Geometry/LevelAreas/SmallAreaLevel.uasset" 442
"../../../ZombieRipOff/Content/SideScrollerCPP/Maps/SmallAreaLevel.umap" 443
